h:\desktop\8503\csc8503\csc8503common\debug\csc8503common.pdb
h:\desktop\8503\csc8503\csc8503common\debug\csc8503common.idb
d:\8503\win32\debug\csc8503common.pdb
d:\8503\win32\debug\csc8503common.idb
d:\8503\csc8503\csc8503common\debug\transform.obj
d:\8503\csc8503\csc8503common\debug\statetransition.obj
d:\8503\csc8503\csc8503common\debug\statemachine.obj
d:\8503\csc8503\csc8503common\debug\renderobject.obj
d:\8503\csc8503\csc8503common\debug\quadtree.obj
d:\8503\csc8503\csc8503common\debug\pushdownstate.obj
d:\8503\csc8503\csc8503common\debug\pushdownmachine.obj
d:\8503\csc8503\csc8503common\debug\physicssystem.obj
d:\8503\csc8503\csc8503common\debug\physicsobject.obj
d:\8503\csc8503\csc8503common\debug\navigationmesh.obj
d:\8503\csc8503\csc8503common\debug\navigationgrid.obj
d:\8503\csc8503\csc8503common\debug\gameworld.obj
d:\8503\csc8503\csc8503common\debug\gameobject.obj
d:\8503\csc8503\csc8503common\debug\debug.obj
d:\8503\csc8503\csc8503common\debug\collisiondetection.obj
d:\8503\csc8503\csc8503common\debug\behavioursequence.obj
d:\8503\csc8503\csc8503common\debug\behaviourselector.obj
d:\8503\csc8503\csc8503common\debug\behaviournodewithchildren.obj
d:\8503\csc8503\csc8503common\debug\behaviournode.obj
d:\8503\csc8503\csc8503common\debug\behaviouraction.obj
d:\8503\win32\debug\csc8503common.lib
d:\8503\csc8503\csc8503common\debug\csc8503common.idb
d:\8503\csc8503\csc8503common\debug\csc8503common.pdb
d:\8503\csc8503\csc8503common\debug\csc8503common.tlog\cl.command.1.tlog
d:\8503\csc8503\csc8503common\debug\csc8503common.tlog\cl.read.1.tlog
d:\8503\csc8503\csc8503common\debug\csc8503common.tlog\cl.write.1.tlog
d:\8503\csc8503\csc8503common\debug\csc8503common.tlog\lib-link.read.1.tlog
d:\8503\csc8503\csc8503common\debug\csc8503common.tlog\lib-link.write.1.tlog
d:\8503\csc8503\csc8503common\debug\csc8503common.tlog\lib.command.1.tlog
