d:\8503\csc8503\gametech\debug\vc142.pdb
d:\8503\csc8503\gametech\debug\vc142.idb
d:\8503\csc8503\gametech\debug\tutorialgame.obj
d:\8503\csc8503\gametech\debug\stategameobject_custom.obj
d:\8503\csc8503\gametech\debug\stategameobject.obj
d:\8503\csc8503\gametech\debug\positionconstraint.obj
d:\8503\csc8503\gametech\debug\pausescreen.obj
d:\8503\csc8503\gametech\debug\main.obj
d:\8503\csc8503\gametech\debug\gametechrenderer.obj
d:\8503\csc8503\gametech\debug\gamemenu.obj
d:\8503\csc8503\gametech\debug\gamelevels.obj
d:\8503\win32\debug\gametech.exe
d:\8503\csc8503\gametech\debug\gametech.ilk
d:\8503\win32\debug\gametech.pdb
d:\8503\win32\debug\gametech.ilk
d:\8503\csc8503\gametech\debug\gametech.tlog\cl.command.1.tlog
d:\8503\csc8503\gametech\debug\gametech.tlog\cl.read.1.tlog
d:\8503\csc8503\gametech\debug\gametech.tlog\cl.write.1.tlog
d:\8503\csc8503\gametech\debug\gametech.tlog\link.command.1.tlog
d:\8503\csc8503\gametech\debug\gametech.tlog\link.delete.1.tlog
d:\8503\csc8503\gametech\debug\gametech.tlog\link.read.1.tlog
d:\8503\csc8503\gametech\debug\gametech.tlog\link.write.1.tlog
