c:\uni\game-engineering-codebase\fontbuilder\debug\vc142.pdb
c:\uni\game-engineering-codebase\fontbuilder\debug\vc142.idb
c:\uni\game-engineering-codebase\fontbuilder\debug\source.obj
c:\uni\games engineering code\game-engineering-codebase\fontbuilder\debug\vc142.pdb
c:\uni\games engineering code\game-engineering-codebase\fontbuilder\debug\vc142.idb
c:\uni\games engineering code\game-engineering-codebase\fontbuilder\debug\source.obj
c:\uni\game-engineering-codebase\debug\fontbuilder.ilk
c:\uni\game-engineering-codebase\debug\fontbuilder.exe
c:\uni\game-engineering-codebase\debug\fontbuilder.pdb
c:\uni\games engineering code\game-engineering-codebase\debug\fontbuilder.ilk
c:\uni\games engineering code\game-engineering-codebase\debug\fontbuilder.exe
c:\uni\games engineering code\game-engineering-codebase\debug\fontbuilder.pdb
h:\desktop\8503\fontbuilder\debug\source.obj
h:\desktop\8503\fontbuilder\debug\vc142.idb
h:\desktop\8503\fontbuilder\debug\vc142.pdb
h:\desktop\8503\debug\fontbuilder.pdb
h:\desktop\8503\debug\fontbuilder.exe
h:\desktop\8503\debug\fontbuilder.ilk
h:\desktop\8503\fontbuilder\debug\fontbuilder.tlog\cl.command.1.tlog
h:\desktop\8503\fontbuilder\debug\fontbuilder.tlog\cl.read.1.tlog
h:\desktop\8503\fontbuilder\debug\fontbuilder.tlog\cl.write.1.tlog
h:\desktop\8503\fontbuilder\debug\fontbuilder.tlog\link.command.1.tlog
h:\desktop\8503\fontbuilder\debug\fontbuilder.tlog\link.read.1.tlog
h:\desktop\8503\fontbuilder\debug\fontbuilder.tlog\link.write.1.tlog
